<?xml version="1.0" encoding="UTF-8"?>
<!-- Generated by org.testng.reporters.JUnitReportReporter -->
<testsuite hostname="adhir" failures="0" tests="9" name="com.RingGo.TestScript.TS_01_Register_PositiveCases" time="5.890" errors="0" timestamp="30 Jun 2019 11:32:58 GMT" skipped="0">
  <testcase classname="com.RingGo.TestScript.TS_01_Register_PositiveCases" name="verifiyCookieDisplayed" time="2.203"/>
  <testcase classname="com.RingGo.TestScript.TS_01_Register_PositiveCases" name="verifyLeftSideImage" time="0.092"/>
  <testcase classname="com.RingGo.TestScript.TS_01_Register_PositiveCases" name="veirfyHeader" time="0.348"/>
  <testcase classname="com.RingGo.TestScript.TS_01_Register_PositiveCases" name="verifyMessageforTextBoxWithCorrectData" time="2.191"/>
  <testcase classname="com.RingGo.TestScript.TS_01_Register_PositiveCases" name="verifyTitle" time="0.170"/>
  <testcase classname="com.RingGo.TestScript.TS_01_Register_PositiveCases" name="verifySearchTextboxEnabled" time="0.264"/>
  <testcase classname="com.RingGo.TestScript.TS_01_Register_PositiveCases" name="verifyRegisterationFieldEnabled" time="0.340"/>
  <testcase classname="com.RingGo.TestScript.TS_01_Register_PositiveCases" name="verifyLogo" time="0.213"/>
  <testcase classname="com.RingGo.TestScript.TS_01_Register_PositiveCases" name="verifyBreadcrum" time="0.069"/>
</testsuite> <!-- com.RingGo.TestScript.TS_01_Register_PositiveCases -->
