<?xml version="1.0" encoding="UTF-8"?>
<!-- Generated by org.testng.reporters.JUnitReportReporter -->
<testsuite hostname="adhir" failures="0" tests="10" name="com.RingGo.TestScript.TS_01_Register_ValidationForPositiveCases" time="3.504" errors="0" timestamp="30 Jun 2019 18:58:34 GMT" skipped="0">
  <testcase classname="com.RingGo.TestScript.TS_01_Register_ValidationForPositiveCases" name="veirfyHeader" time="0.214"/>
  <testcase classname="com.RingGo.TestScript.TS_01_Register_ValidationForPositiveCases" name="verifyTitle" time="0.017"/>
  <testcase classname="com.RingGo.TestScript.TS_01_Register_ValidationForPositiveCases" name="verifyLogo" time="0.118"/>
  <testcase classname="com.RingGo.TestScript.TS_01_Register_ValidationForPositiveCases" name="verifyLeftSideImage" time="0.054"/>
  <testcase classname="com.RingGo.TestScript.TS_01_Register_ValidationForPositiveCases" name="verifyFooterDisplay" time="0.183"/>
  <testcase classname="com.RingGo.TestScript.TS_01_Register_ValidationForPositiveCases" name="verifyRegisterationFieldEnabled" time="0.213"/>
  <testcase classname="com.RingGo.TestScript.TS_01_Register_ValidationForPositiveCases" name="verifyBreadcrum" time="0.071"/>
  <testcase classname="com.RingGo.TestScript.TS_01_Register_ValidationForPositiveCases" name="verifyMessageforTextBoxWithCorrectData" time="2.231"/>
  <testcase classname="com.RingGo.TestScript.TS_01_Register_ValidationForPositiveCases" name="verifiyCookieDisplayed" time="0.143"/>
  <testcase classname="com.RingGo.TestScript.TS_01_Register_ValidationForPositiveCases" name="verifySearchTextboxEnabled" time="0.260"/>
</testsuite> <!-- com.RingGo.TestScript.TS_01_Register_ValidationForPositiveCases -->
